2022-02-11 20:07:24,428 [Worker-6: Loading available Gradle versions] INFO  o.e.b.c.i.u.g.PublishedGradleVersions - Gradle version information cache is up-to-date. Trying to read.
2022-02-11 20:08:35,819 [Worker-2: Importing Maven projects] INFO  o.e.m.c.i.e.AbstractTransferListenerAdapter - Downloading https://repo.spring.io/snapshot/org/springframework/boot/spring-boot-starter-parent/2.5.10-SNAPSHOT/maven-metadata.xml
2022-02-11 20:08:36,071 [Worker-2: Importing Maven projects] INFO  o.e.m.c.i.e.AbstractTransferListenerAdapter - Downloaded https://repo.spring.io/snapshot/org/springframework/boot/spring-boot-starter-parent/2.5.10-SNAPSHOT/maven-metadata.xml
2022-02-11 20:08:36,314 [Worker-2: Importing Maven projects] INFO  o.e.m.c.i.e.AbstractTransferListenerAdapter - Downloading https://repo.spring.io/snapshot/org/springframework/boot/spring-boot-starter-parent/2.5.10-SNAPSHOT/spring-boot-starter-parent-2.5.10-20220211.130038-24.pom
2022-02-11 20:08:36,788 [Worker-2: Importing Maven projects] INFO  o.e.m.c.i.e.AbstractTransferListenerAdapter - Downloaded https://repo.spring.io/snapshot/org/springframework/boot/spring-boot-starter-parent/2.5.10-SNAPSHOT/spring-boot-starter-parent-2.5.10-20220211.130038-24.pom
2022-02-11 20:08:37,037 [Worker-2: Importing Maven projects] INFO  o.e.m.c.i.e.AbstractTransferListenerAdapter - Downloading https://repo.spring.io/snapshot/org/springframework/boot/spring-boot-dependencies/2.5.10-SNAPSHOT/maven-metadata.xml
2022-02-11 20:08:37,281 [Worker-2: Importing Maven projects] INFO  o.e.m.c.i.e.AbstractTransferListenerAdapter - Downloaded https://repo.spring.io/snapshot/org/springframework/boot/spring-boot-dependencies/2.5.10-SNAPSHOT/maven-metadata.xml
2022-02-11 20:08:37,519 [Worker-2: Importing Maven projects] INFO  o.e.m.c.i.e.AbstractTransferListenerAdapter - Downloading https://repo.spring.io/snapshot/org/springframework/boot/spring-boot-dependencies/2.5.10-SNAPSHOT/spring-boot-dependencies-2.5.10-20220211.130038-24.pom
2022-02-11 20:08:38,274 [Worker-2: Importing Maven projects] INFO  o.e.m.c.i.e.AbstractTransferListenerAdapter - Downloaded https://repo.spring.io/snapshot/org/springframework/boot/spring-boot-dependencies/2.5.10-SNAPSHOT/spring-boot-dependencies-2.5.10-20220211.130038-24.pom
2022-02-11 20:08:38,620 [Worker-2: Importing Maven projects] INFO  o.e.m.c.i.e.AbstractTransferListenerAdapter - Downloading https://repo.spring.io/snapshot/io/micrometer/micrometer-bom/1.7.9-SNAPSHOT/maven-metadata.xml
2022-02-11 20:08:38,876 [Worker-2: Importing Maven projects] INFO  o.e.m.c.i.e.AbstractTransferListenerAdapter - Downloaded https://repo.spring.io/snapshot/io/micrometer/micrometer-bom/1.7.9-SNAPSHOT/maven-metadata.xml
2022-02-11 20:08:39,120 [Worker-2: Importing Maven projects] INFO  o.e.m.c.i.e.AbstractTransferListenerAdapter - Downloading https://repo.spring.io/snapshot/io/micrometer/micrometer-bom/1.7.9-SNAPSHOT/micrometer-bom-1.7.9-20220208.162440-10.pom
2022-02-11 20:08:39,365 [Worker-2: Importing Maven projects] INFO  o.e.m.c.i.e.AbstractTransferListenerAdapter - Downloaded https://repo.spring.io/snapshot/io/micrometer/micrometer-bom/1.7.9-SNAPSHOT/micrometer-bom-1.7.9-20220208.162440-10.pom
2022-02-11 20:08:39,627 [Worker-2: Importing Maven projects] INFO  o.e.m.c.i.e.AbstractTransferListenerAdapter - Downloading https://repo.spring.io/snapshot/io/projectreactor/reactor-bom/2020.0.16-SNAPSHOT/maven-metadata.xml
2022-02-11 20:08:39,881 [Worker-2: Importing Maven projects] INFO  o.e.m.c.i.e.AbstractTransferListenerAdapter - Downloaded https://repo.spring.io/snapshot/io/projectreactor/reactor-bom/2020.0.16-SNAPSHOT/maven-metadata.xml
2022-02-11 20:08:40,125 [Worker-2: Importing Maven projects] INFO  o.e.m.c.i.e.AbstractTransferListenerAdapter - Downloading https://repo.spring.io/snapshot/io/projectreactor/reactor-bom/2020.0.16-SNAPSHOT/reactor-bom-2020.0.16-20220131.163430-2.pom
2022-02-11 20:08:40,365 [Worker-2: Importing Maven projects] INFO  o.e.m.c.i.e.AbstractTransferListenerAdapter - Downloaded https://repo.spring.io/snapshot/io/projectreactor/reactor-bom/2020.0.16-SNAPSHOT/reactor-bom-2020.0.16-20220131.163430-2.pom
2022-02-11 20:08:40,615 [Worker-2: Importing Maven projects] INFO  o.e.m.c.i.e.AbstractTransferListenerAdapter - Downloading https://repo.spring.io/snapshot/org/springframework/data/spring-data-bom/2021.0.9-SNAPSHOT/maven-metadata.xml
2022-02-11 20:08:40,865 [Worker-2: Importing Maven projects] INFO  o.e.m.c.i.e.AbstractTransferListenerAdapter - Downloaded https://repo.spring.io/snapshot/org/springframework/data/spring-data-bom/2021.0.9-SNAPSHOT/maven-metadata.xml
2022-02-11 20:08:41,110 [Worker-2: Importing Maven projects] INFO  o.e.m.c.i.e.AbstractTransferListenerAdapter - Downloading https://repo.spring.io/snapshot/org/springframework/data/spring-data-bom/2021.0.9-SNAPSHOT/spring-data-bom-2021.0.9-20220211.114039-100.pom
2022-02-11 20:08:41,359 [Worker-2: Importing Maven projects] INFO  o.e.m.c.i.e.AbstractTransferListenerAdapter - Downloaded https://repo.spring.io/snapshot/org/springframework/data/spring-data-bom/2021.0.9-SNAPSHOT/spring-data-bom-2021.0.9-20220211.114039-100.pom
2022-02-11 20:08:41,609 [Worker-2: Importing Maven projects] INFO  o.e.m.c.i.e.AbstractTransferListenerAdapter - Downloading https://repo.spring.io/snapshot/org/springframework/spring-framework-bom/5.3.16-SNAPSHOT/maven-metadata.xml
2022-02-11 20:08:41,858 [Worker-2: Importing Maven projects] INFO  o.e.m.c.i.e.AbstractTransferListenerAdapter - Downloaded https://repo.spring.io/snapshot/org/springframework/spring-framework-bom/5.3.16-SNAPSHOT/maven-metadata.xml
2022-02-11 20:08:42,099 [Worker-2: Importing Maven projects] INFO  o.e.m.c.i.e.AbstractTransferListenerAdapter - Downloading https://repo.spring.io/snapshot/org/springframework/spring-framework-bom/5.3.16-SNAPSHOT/spring-framework-bom-5.3.16-20220211.134236-33.pom
2022-02-11 20:08:42,346 [Worker-2: Importing Maven projects] INFO  o.e.m.c.i.e.AbstractTransferListenerAdapter - Downloaded https://repo.spring.io/snapshot/org/springframework/spring-framework-bom/5.3.16-SNAPSHOT/spring-framework-bom-5.3.16-20220211.134236-33.pom
2022-02-11 20:08:42,592 [Worker-2: Importing Maven projects] INFO  o.e.m.c.i.e.AbstractTransferListenerAdapter - Downloading https://repo.spring.io/snapshot/org/springframework/security/spring-security-bom/5.5.5-SNAPSHOT/maven-metadata.xml
2022-02-11 20:08:42,838 [Worker-2: Importing Maven projects] INFO  o.e.m.c.i.e.AbstractTransferListenerAdapter - Downloaded https://repo.spring.io/snapshot/org/springframework/security/spring-security-bom/5.5.5-SNAPSHOT/maven-metadata.xml
2022-02-11 20:08:43,080 [Worker-2: Importing Maven projects] INFO  o.e.m.c.i.e.AbstractTransferListenerAdapter - Downloading https://repo.spring.io/snapshot/org/springframework/security/spring-security-bom/5.5.5-SNAPSHOT/spring-security-bom-5.5.5-20220210.173802-9.pom
2022-02-11 20:08:43,322 [Worker-2: Importing Maven projects] INFO  o.e.m.c.i.e.AbstractTransferListenerAdapter - Downloaded https://repo.spring.io/snapshot/org/springframework/security/spring-security-bom/5.5.5-SNAPSHOT/spring-security-bom-5.5.5-20220210.173802-9.pom
2022-02-11 20:08:43,568 [Worker-2: Importing Maven projects] INFO  o.e.m.c.i.e.AbstractTransferListenerAdapter - Downloading https://repo.spring.io/snapshot/org/springframework/session/spring-session-bom/2021.0.5-SNAPSHOT/maven-metadata.xml
2022-02-11 20:08:43,822 [Worker-2: Importing Maven projects] INFO  o.e.m.c.i.e.AbstractTransferListenerAdapter - Downloaded https://repo.spring.io/snapshot/org/springframework/session/spring-session-bom/2021.0.5-SNAPSHOT/maven-metadata.xml
2022-02-11 20:08:44,064 [Worker-2: Importing Maven projects] INFO  o.e.m.c.i.e.AbstractTransferListenerAdapter - Downloading https://repo.spring.io/snapshot/org/springframework/session/spring-session-bom/2021.0.5-SNAPSHOT/spring-session-bom-2021.0.5-20220211.053649-54.pom
2022-02-11 20:08:44,307 [Worker-2: Importing Maven projects] INFO  o.e.m.c.i.e.AbstractTransferListenerAdapter - Downloaded https://repo.spring.io/snapshot/org/springframework/session/spring-session-bom/2021.0.5-SNAPSHOT/spring-session-bom-2021.0.5-20220211.053649-54.pom
2022-02-11 20:08:44,835 [Worker-2: Importing Maven projects] INFO  o.e.m.c.i.e.AbstractTransferListenerAdapter - Downloading https://repo.spring.io/snapshot/org/springframework/boot/spring-boot-maven-plugin/2.5.10-SNAPSHOT/maven-metadata.xml
2022-02-11 20:08:45,082 [Worker-2: Importing Maven projects] INFO  o.e.m.c.i.e.AbstractTransferListenerAdapter - Downloaded https://repo.spring.io/snapshot/org/springframework/boot/spring-boot-maven-plugin/2.5.10-SNAPSHOT/maven-metadata.xml
2022-02-11 20:08:45,326 [Worker-2: Importing Maven projects] INFO  o.e.m.c.i.e.AbstractTransferListenerAdapter - Downloading https://repo.spring.io/snapshot/org/springframework/boot/spring-boot-maven-plugin/2.5.10-SNAPSHOT/spring-boot-maven-plugin-2.5.10-20220211.130038-24.pom
2022-02-11 20:08:45,584 [Worker-2: Importing Maven projects] INFO  o.e.m.c.i.e.AbstractTransferListenerAdapter - Downloaded https://repo.spring.io/snapshot/org/springframework/boot/spring-boot-maven-plugin/2.5.10-SNAPSHOT/spring-boot-maven-plugin-2.5.10-20220211.130038-24.pom
2022-02-11 20:08:45,833 [Worker-2: Importing Maven projects] INFO  o.e.m.c.i.e.AbstractTransferListenerAdapter - Downloading https://repo.spring.io/snapshot/org/springframework/boot/spring-boot-maven-plugin/2.5.10-SNAPSHOT/spring-boot-maven-plugin-2.5.10-20220211.130038-24.jar
2022-02-11 20:08:46,312 [Worker-2: Importing Maven projects] INFO  o.e.m.c.i.e.AbstractTransferListenerAdapter - Downloaded https://repo.spring.io/snapshot/org/springframework/boot/spring-boot-maven-plugin/2.5.10-SNAPSHOT/spring-boot-maven-plugin-2.5.10-20220211.130038-24.jar
2022-02-11 20:08:47,237 [Worker-2: Importing Maven projects] INFO  o.e.m.c.i.l.LifecycleMappingFactory - Using org.maven.ide.eclipse.wtp.WarLifecycleMapping lifecycle mapping for MavenProject: com.mouritech.onlinefoodorderapplication:onlinefoodorderapplication:0.0.1-SNAPSHOT @ D:\project\Online_food_delivery_application\onlinefoodorderapplication\pom.xml.
2022-02-11 20:08:47,485 [Worker-2: Importing Maven projects] INFO  o.e.m.c.i.e.AbstractTransferListenerAdapter - Downloading https://repo.spring.io/snapshot/org/springframework/boot/spring-boot-starter-data-jpa/2.5.10-SNAPSHOT/maven-metadata.xml
2022-02-11 20:08:47,734 [Worker-2: Importing Maven projects] INFO  o.e.m.c.i.e.AbstractTransferListenerAdapter - Downloaded https://repo.spring.io/snapshot/org/springframework/boot/spring-boot-starter-data-jpa/2.5.10-SNAPSHOT/maven-metadata.xml
2022-02-11 20:08:47,977 [Worker-2: Importing Maven projects] INFO  o.e.m.c.i.e.AbstractTransferListenerAdapter - Downloading https://repo.spring.io/snapshot/org/springframework/boot/spring-boot-starter-data-jpa/2.5.10-SNAPSHOT/spring-boot-starter-data-jpa-2.5.10-20220211.130038-24.pom
2022-02-11 20:08:48,227 [Worker-2: Importing Maven projects] INFO  o.e.m.c.i.e.AbstractTransferListenerAdapter - Downloaded https://repo.spring.io/snapshot/org/springframework/boot/spring-boot-starter-data-jpa/2.5.10-SNAPSHOT/spring-boot-starter-data-jpa-2.5.10-20220211.130038-24.pom
2022-02-11 20:08:48,475 [Worker-2: Importing Maven projects] INFO  o.e.m.c.i.e.AbstractTransferListenerAdapter - Downloading https://repo.spring.io/snapshot/org/springframework/boot/spring-boot-starter-aop/2.5.10-SNAPSHOT/maven-metadata.xml
2022-02-11 20:08:48,727 [Worker-2: Importing Maven projects] INFO  o.e.m.c.i.e.AbstractTransferListenerAdapter - Downloaded https://repo.spring.io/snapshot/org/springframework/boot/spring-boot-starter-aop/2.5.10-SNAPSHOT/maven-metadata.xml
2022-02-11 20:08:48,970 [Worker-2: Importing Maven projects] INFO  o.e.m.c.i.e.AbstractTransferListenerAdapter - Downloading https://repo.spring.io/snapshot/org/springframework/boot/spring-boot-starter-aop/2.5.10-SNAPSHOT/spring-boot-starter-aop-2.5.10-20220211.130038-24.pom
2022-02-11 20:08:49,222 [Worker-2: Importing Maven projects] INFO  o.e.m.c.i.e.AbstractTransferListenerAdapter - Downloaded https://repo.spring.io/snapshot/org/springframework/boot/spring-boot-starter-aop/2.5.10-SNAPSHOT/spring-boot-starter-aop-2.5.10-20220211.130038-24.pom
2022-02-11 20:08:49,471 [Worker-2: Importing Maven projects] INFO  o.e.m.c.i.e.AbstractTransferListenerAdapter - Downloading https://repo.spring.io/snapshot/org/springframework/boot/spring-boot-starter/2.5.10-SNAPSHOT/maven-metadata.xml
2022-02-11 20:08:49,724 [Worker-2: Importing Maven projects] INFO  o.e.m.c.i.e.AbstractTransferListenerAdapter - Downloaded https://repo.spring.io/snapshot/org/springframework/boot/spring-boot-starter/2.5.10-SNAPSHOT/maven-metadata.xml
2022-02-11 20:08:49,967 [Worker-2: Importing Maven projects] INFO  o.e.m.c.i.e.AbstractTransferListenerAdapter - Downloading https://repo.spring.io/snapshot/org/springframework/boot/spring-boot-starter/2.5.10-SNAPSHOT/spring-boot-starter-2.5.10-20220211.130038-24.pom
2022-02-11 20:08:50,216 [Worker-2: Importing Maven projects] INFO  o.e.m.c.i.e.AbstractTransferListenerAdapter - Downloaded https://repo.spring.io/snapshot/org/springframework/boot/spring-boot-starter/2.5.10-SNAPSHOT/spring-boot-starter-2.5.10-20220211.130038-24.pom
2022-02-11 20:08:50,462 [Worker-2: Importing Maven projects] INFO  o.e.m.c.i.e.AbstractTransferListenerAdapter - Downloading https://repo.spring.io/snapshot/org/springframework/boot/spring-boot/2.5.10-SNAPSHOT/maven-metadata.xml
2022-02-11 20:08:50,715 [Worker-2: Importing Maven projects] INFO  o.e.m.c.i.e.AbstractTransferListenerAdapter - Downloaded https://repo.spring.io/snapshot/org/springframework/boot/spring-boot/2.5.10-SNAPSHOT/maven-metadata.xml
2022-02-11 20:08:50,958 [Worker-2: Importing Maven projects] INFO  o.e.m.c.i.e.AbstractTransferListenerAdapter - Downloading https://repo.spring.io/snapshot/org/springframework/boot/spring-boot/2.5.10-SNAPSHOT/spring-boot-2.5.10-20220211.130038-24.pom
2022-02-11 20:08:51,203 [Worker-2: Importing Maven projects] INFO  o.e.m.c.i.e.AbstractTransferListenerAdapter - Downloaded https://repo.spring.io/snapshot/org/springframework/boot/spring-boot/2.5.10-SNAPSHOT/spring-boot-2.5.10-20220211.130038-24.pom
2022-02-11 20:08:51,451 [Worker-2: Importing Maven projects] INFO  o.e.m.c.i.e.AbstractTransferListenerAdapter - Downloading https://repo.spring.io/snapshot/org/springframework/spring-core/5.3.16-SNAPSHOT/maven-metadata.xml
2022-02-11 20:08:51,709 [Worker-2: Importing Maven projects] INFO  o.e.m.c.i.e.AbstractTransferListenerAdapter - Downloaded https://repo.spring.io/snapshot/org/springframework/spring-core/5.3.16-SNAPSHOT/maven-metadata.xml
2022-02-11 20:08:51,958 [Worker-2: Importing Maven projects] INFO  o.e.m.c.i.e.AbstractTransferListenerAdapter - Downloading https://repo.spring.io/snapshot/org/springframework/spring-core/5.3.16-SNAPSHOT/spring-core-5.3.16-20220211.134236-33.pom
2022-02-11 20:08:52,208 [Worker-2: Importing Maven projects] INFO  o.e.m.c.i.e.AbstractTransferListenerAdapter - Downloaded https://repo.spring.io/snapshot/org/springframework/spring-core/5.3.16-SNAPSHOT/spring-core-5.3.16-20220211.134236-33.pom
2022-02-11 20:08:52,457 [Worker-2: Importing Maven projects] INFO  o.e.m.c.i.e.AbstractTransferListenerAdapter - Downloading https://repo.spring.io/snapshot/org/springframework/spring-jcl/5.3.16-SNAPSHOT/maven-metadata.xml
2022-02-11 20:08:52,707 [Worker-2: Importing Maven projects] INFO  o.e.m.c.i.e.AbstractTransferListenerAdapter - Downloaded https://repo.spring.io/snapshot/org/springframework/spring-jcl/5.3.16-SNAPSHOT/maven-metadata.xml
2022-02-11 20:08:52,949 [Worker-2: Importing Maven projects] INFO  o.e.m.c.i.e.AbstractTransferListenerAdapter - Downloading https://repo.spring.io/snapshot/org/springframework/spring-jcl/5.3.16-SNAPSHOT/spring-jcl-5.3.16-20220211.134236-33.pom
2022-02-11 20:08:53,197 [Worker-2: Importing Maven projects] INFO  o.e.m.c.i.e.AbstractTransferListenerAdapter - Downloaded https://repo.spring.io/snapshot/org/springframework/spring-jcl/5.3.16-SNAPSHOT/spring-jcl-5.3.16-20220211.134236-33.pom
2022-02-11 20:08:53,757 [Worker-2: Importing Maven projects] INFO  o.e.m.c.i.e.AbstractTransferListenerAdapter - Downloading https://repo.spring.io/snapshot/org/springframework/spring-context/5.3.16-SNAPSHOT/maven-metadata.xml
2022-02-11 20:08:54,318 [Worker-2: Importing Maven projects] INFO  o.e.m.c.i.e.AbstractTransferListenerAdapter - Downloaded https://repo.spring.io/snapshot/org/springframework/spring-context/5.3.16-SNAPSHOT/maven-metadata.xml
2022-02-11 20:08:54,563 [Worker-2: Importing Maven projects] INFO  o.e.m.c.i.e.AbstractTransferListenerAdapter - Downloading https://repo.spring.io/snapshot/org/springframework/spring-context/5.3.16-SNAPSHOT/spring-context-5.3.16-20220211.134236-33.pom
2022-02-11 20:08:54,825 [Worker-2: Importing Maven projects] INFO  o.e.m.c.i.e.AbstractTransferListenerAdapter - Downloaded https://repo.spring.io/snapshot/org/springframework/spring-context/5.3.16-SNAPSHOT/spring-context-5.3.16-20220211.134236-33.pom
2022-02-11 20:08:55,109 [Worker-2: Importing Maven projects] INFO  o.e.m.c.i.e.AbstractTransferListenerAdapter - Downloading https://repo.spring.io/snapshot/org/springframework/spring-aop/5.3.16-SNAPSHOT/maven-metadata.xml
2022-02-11 20:08:55,359 [Worker-2: Importing Maven projects] INFO  o.e.m.c.i.e.AbstractTransferListenerAdapter - Downloaded https://repo.spring.io/snapshot/org/springframework/spring-aop/5.3.16-SNAPSHOT/maven-metadata.xml
2022-02-11 20:08:55,600 [Worker-2: Importing Maven projects] INFO  o.e.m.c.i.e.AbstractTransferListenerAdapter - Downloading https://repo.spring.io/snapshot/org/springframework/spring-aop/5.3.16-SNAPSHOT/spring-aop-5.3.16-20220211.134236-33.pom
2022-02-11 20:08:55,845 [Worker-2: Importing Maven projects] INFO  o.e.m.c.i.e.AbstractTransferListenerAdapter - Downloaded https://repo.spring.io/snapshot/org/springframework/spring-aop/5.3.16-SNAPSHOT/spring-aop-5.3.16-20220211.134236-33.pom
2022-02-11 20:08:56,099 [Worker-2: Importing Maven projects] INFO  o.e.m.c.i.e.AbstractTransferListenerAdapter - Downloading https://repo.spring.io/snapshot/org/springframework/spring-beans/5.3.16-SNAPSHOT/maven-metadata.xml
2022-02-11 20:08:56,352 [Worker-2: Importing Maven projects] INFO  o.e.m.c.i.e.AbstractTransferListenerAdapter - Downloaded https://repo.spring.io/snapshot/org/springframework/spring-beans/5.3.16-SNAPSHOT/maven-metadata.xml
2022-02-11 20:08:56,904 [Worker-2: Importing Maven projects] INFO  o.e.m.c.i.e.AbstractTransferListenerAdapter - Downloading https://repo.spring.io/snapshot/org/springframework/spring-beans/5.3.16-SNAPSHOT/spring-beans-5.3.16-20220211.134236-33.pom
2022-02-11 20:08:57,148 [Worker-2: Importing Maven projects] INFO  o.e.m.c.i.e.AbstractTransferListenerAdapter - Downloaded https://repo.spring.io/snapshot/org/springframework/spring-beans/5.3.16-SNAPSHOT/spring-beans-5.3.16-20220211.134236-33.pom
2022-02-11 20:08:57,396 [Worker-2: Importing Maven projects] INFO  o.e.m.c.i.e.AbstractTransferListenerAdapter - Downloading https://repo.spring.io/snapshot/org/springframework/spring-expression/5.3.16-SNAPSHOT/maven-metadata.xml
2022-02-11 20:08:57,645 [Worker-2: Importing Maven projects] INFO  o.e.m.c.i.e.AbstractTransferListenerAdapter - Downloaded https://repo.spring.io/snapshot/org/springframework/spring-expression/5.3.16-SNAPSHOT/maven-metadata.xml
2022-02-11 20:08:57,889 [Worker-2: Importing Maven projects] INFO  o.e.m.c.i.e.AbstractTransferListenerAdapter - Downloading https://repo.spring.io/snapshot/org/springframework/spring-expression/5.3.16-SNAPSHOT/spring-expression-5.3.16-20220211.134236-33.pom
2022-02-11 20:08:58,134 [Worker-2: Importing Maven projects] INFO  o.e.m.c.i.e.AbstractTransferListenerAdapter - Downloaded https://repo.spring.io/snapshot/org/springframework/spring-expression/5.3.16-SNAPSHOT/spring-expression-5.3.16-20220211.134236-33.pom
2022-02-11 20:08:58,384 [Worker-2: Importing Maven projects] INFO  o.e.m.c.i.e.AbstractTransferListenerAdapter - Downloading https://repo.spring.io/snapshot/org/springframework/boot/spring-boot-autoconfigure/2.5.10-SNAPSHOT/maven-metadata.xml
2022-02-11 20:08:58,641 [Worker-2: Importing Maven projects] INFO  o.e.m.c.i.e.AbstractTransferListenerAdapter - Downloaded https://repo.spring.io/snapshot/org/springframework/boot/spring-boot-autoconfigure/2.5.10-SNAPSHOT/maven-metadata.xml
2022-02-11 20:08:58,885 [Worker-2: Importing Maven projects] INFO  o.e.m.c.i.e.AbstractTransferListenerAdapter - Downloading https://repo.spring.io/snapshot/org/springframework/boot/spring-boot-autoconfigure/2.5.10-SNAPSHOT/spring-boot-autoconfigure-2.5.10-20220211.130038-24.pom
2022-02-11 20:08:59,137 [Worker-2: Importing Maven projects] INFO  o.e.m.c.i.e.AbstractTransferListenerAdapter - Downloaded https://repo.spring.io/snapshot/org/springframework/boot/spring-boot-autoconfigure/2.5.10-SNAPSHOT/spring-boot-autoconfigure-2.5.10-20220211.130038-24.pom
2022-02-11 20:08:59,385 [Worker-2: Importing Maven projects] INFO  o.e.m.c.i.e.AbstractTransferListenerAdapter - Downloading https://repo.spring.io/snapshot/org/springframework/boot/spring-boot-starter-logging/2.5.10-SNAPSHOT/maven-metadata.xml
2022-02-11 20:08:59,637 [Worker-2: Importing Maven projects] INFO  o.e.m.c.i.e.AbstractTransferListenerAdapter - Downloaded https://repo.spring.io/snapshot/org/springframework/boot/spring-boot-starter-logging/2.5.10-SNAPSHOT/maven-metadata.xml
2022-02-11 20:08:59,879 [Worker-2: Importing Maven projects] INFO  o.e.m.c.i.e.AbstractTransferListenerAdapter - Downloading https://repo.spring.io/snapshot/org/springframework/boot/spring-boot-starter-logging/2.5.10-SNAPSHOT/spring-boot-starter-logging-2.5.10-20220211.130038-24.pom
2022-02-11 20:09:00,125 [Worker-2: Importing Maven projects] INFO  o.e.m.c.i.e.AbstractTransferListenerAdapter - Downloaded https://repo.spring.io/snapshot/org/springframework/boot/spring-boot-starter-logging/2.5.10-SNAPSHOT/spring-boot-starter-logging-2.5.10-20220211.130038-24.pom
2022-02-11 20:09:00,400 [Worker-2: Importing Maven projects] INFO  o.e.m.c.i.e.AbstractTransferListenerAdapter - Downloading https://repo.spring.io/snapshot/org/springframework/boot/spring-boot-starter-jdbc/2.5.10-SNAPSHOT/maven-metadata.xml
2022-02-11 20:09:00,680 [Worker-2: Importing Maven projects] INFO  o.e.m.c.i.e.AbstractTransferListenerAdapter - Downloaded https://repo.spring.io/snapshot/org/springframework/boot/spring-boot-starter-jdbc/2.5.10-SNAPSHOT/maven-metadata.xml
2022-02-11 20:09:00,921 [Worker-2: Importing Maven projects] INFO  o.e.m.c.i.e.AbstractTransferListenerAdapter - Downloading https://repo.spring.io/snapshot/org/springframework/boot/spring-boot-starter-jdbc/2.5.10-SNAPSHOT/spring-boot-starter-jdbc-2.5.10-20220211.130038-24.pom
2022-02-11 20:09:01,171 [Worker-2: Importing Maven projects] INFO  o.e.m.c.i.e.AbstractTransferListenerAdapter - Downloaded https://repo.spring.io/snapshot/org/springframework/boot/spring-boot-starter-jdbc/2.5.10-SNAPSHOT/spring-boot-starter-jdbc-2.5.10-20220211.130038-24.pom
2022-02-11 20:09:01,422 [Worker-2: Importing Maven projects] INFO  o.e.m.c.i.e.AbstractTransferListenerAdapter - Downloading https://repo.spring.io/snapshot/org/springframework/spring-jdbc/5.3.16-SNAPSHOT/maven-metadata.xml
2022-02-11 20:09:01,680 [Worker-2: Importing Maven projects] INFO  o.e.m.c.i.e.AbstractTransferListenerAdapter - Downloaded https://repo.spring.io/snapshot/org/springframework/spring-jdbc/5.3.16-SNAPSHOT/maven-metadata.xml
2022-02-11 20:09:01,922 [Worker-2: Importing Maven projects] INFO  o.e.m.c.i.e.AbstractTransferListenerAdapter - Downloading https://repo.spring.io/snapshot/org/springframework/spring-jdbc/5.3.16-SNAPSHOT/spring-jdbc-5.3.16-20220211.134236-33.pom
2022-02-11 20:09:02,173 [Worker-2: Importing Maven projects] INFO  o.e.m.c.i.e.AbstractTransferListenerAdapter - Downloaded https://repo.spring.io/snapshot/org/springframework/spring-jdbc/5.3.16-SNAPSHOT/spring-jdbc-5.3.16-20220211.134236-33.pom
2022-02-11 20:09:02,422 [Worker-2: Importing Maven projects] INFO  o.e.m.c.i.e.AbstractTransferListenerAdapter - Downloading https://repo.spring.io/snapshot/org/springframework/spring-tx/5.3.16-SNAPSHOT/maven-metadata.xml
2022-02-11 20:09:02,683 [Worker-2: Importing Maven projects] INFO  o.e.m.c.i.e.AbstractTransferListenerAdapter - Downloaded https://repo.spring.io/snapshot/org/springframework/spring-tx/5.3.16-SNAPSHOT/maven-metadata.xml
2022-02-11 20:09:02,929 [Worker-2: Importing Maven projects] INFO  o.e.m.c.i.e.AbstractTransferListenerAdapter - Downloading https://repo.spring.io/snapshot/org/springframework/spring-tx/5.3.16-SNAPSHOT/spring-tx-5.3.16-20220211.134236-33.pom
2022-02-11 20:09:03,179 [Worker-2: Importing Maven projects] INFO  o.e.m.c.i.e.AbstractTransferListenerAdapter - Downloaded https://repo.spring.io/snapshot/org/springframework/spring-tx/5.3.16-SNAPSHOT/spring-tx-5.3.16-20220211.134236-33.pom
2022-02-11 20:09:03,473 [Worker-2: Importing Maven projects] INFO  o.e.m.c.i.e.AbstractTransferListenerAdapter - Downloading https://repo.spring.io/snapshot/org/springframework/data/spring-data-jpa/2.5.9-SNAPSHOT/maven-metadata.xml
2022-02-11 20:09:03,740 [Worker-2: Importing Maven projects] INFO  o.e.m.c.i.e.AbstractTransferListenerAdapter - Downloaded https://repo.spring.io/snapshot/org/springframework/data/spring-data-jpa/2.5.9-SNAPSHOT/maven-metadata.xml
2022-02-11 20:09:04,924 [Worker-2: Importing Maven projects] INFO  o.e.m.c.i.e.AbstractTransferListenerAdapter - Downloading https://repo.spring.io/snapshot/org/springframework/data/spring-data-jpa/2.5.9-SNAPSHOT/spring-data-jpa-2.5.9-20220211.101823-43.pom
2022-02-11 20:09:05,396 [Worker-2: Importing Maven projects] INFO  o.e.m.c.i.e.AbstractTransferListenerAdapter - Downloaded https://repo.spring.io/snapshot/org/springframework/data/spring-data-jpa/2.5.9-SNAPSHOT/spring-data-jpa-2.5.9-20220211.101823-43.pom
2022-02-11 20:09:05,668 [Worker-2: Importing Maven projects] INFO  o.e.m.c.i.e.AbstractTransferListenerAdapter - Downloading https://repo.spring.io/snapshot/org/springframework/data/build/spring-data-parent/2.5.9-SNAPSHOT/maven-metadata.xml
2022-02-11 20:09:05,915 [Worker-2: Importing Maven projects] INFO  o.e.m.c.i.e.AbstractTransferListenerAdapter - Downloaded https://repo.spring.io/snapshot/org/springframework/data/build/spring-data-parent/2.5.9-SNAPSHOT/maven-metadata.xml
2022-02-11 20:09:06,157 [Worker-2: Importing Maven projects] INFO  o.e.m.c.i.e.AbstractTransferListenerAdapter - Downloading https://repo.spring.io/snapshot/org/springframework/data/build/spring-data-parent/2.5.9-SNAPSHOT/spring-data-parent-2.5.9-20220211.101126-34.pom
2022-02-11 20:09:06,637 [Worker-2: Importing Maven projects] INFO  o.e.m.c.i.e.AbstractTransferListenerAdapter - Downloaded https://repo.spring.io/snapshot/org/springframework/data/build/spring-data-parent/2.5.9-SNAPSHOT/spring-data-parent-2.5.9-20220211.101126-34.pom
2022-02-11 20:09:06,885 [Worker-2: Importing Maven projects] INFO  o.e.m.c.i.e.AbstractTransferListenerAdapter - Downloading https://repo.spring.io/snapshot/org/springframework/data/build/spring-data-build/2.5.9-SNAPSHOT/maven-metadata.xml
2022-02-11 20:09:07,133 [Worker-2: Importing Maven projects] INFO  o.e.m.c.i.e.AbstractTransferListenerAdapter - Downloaded https://repo.spring.io/snapshot/org/springframework/data/build/spring-data-build/2.5.9-SNAPSHOT/maven-metadata.xml
2022-02-11 20:09:07,372 [Worker-2: Importing Maven projects] INFO  o.e.m.c.i.e.AbstractTransferListenerAdapter - Downloading https://repo.spring.io/snapshot/org/springframework/data/build/spring-data-build/2.5.9-SNAPSHOT/spring-data-build-2.5.9-20220211.101126-34.pom
2022-02-11 20:09:07,614 [Worker-2: Importing Maven projects] INFO  o.e.m.c.i.e.AbstractTransferListenerAdapter - Downloaded https://repo.spring.io/snapshot/org/springframework/data/build/spring-data-build/2.5.9-SNAPSHOT/spring-data-build-2.5.9-20220211.101126-34.pom
2022-02-11 20:09:07,881 [Worker-2: Importing Maven projects] INFO  o.e.m.c.i.e.AbstractTransferListenerAdapter - Downloading https://repo.spring.io/snapshot/org/springframework/data/spring-data-commons/2.5.9-SNAPSHOT/maven-metadata.xml
2022-02-11 20:09:08,138 [Worker-2: Importing Maven projects] INFO  o.e.m.c.i.e.AbstractTransferListenerAdapter - Downloaded https://repo.spring.io/snapshot/org/springframework/data/spring-data-commons/2.5.9-SNAPSHOT/maven-metadata.xml
2022-02-11 20:09:08,381 [Worker-2: Importing Maven projects] INFO  o.e.m.c.i.e.AbstractTransferListenerAdapter - Downloading https://repo.spring.io/snapshot/org/springframework/data/spring-data-commons/2.5.9-SNAPSHOT/spring-data-commons-2.5.9-20220211.101308-41.pom
2022-02-11 20:09:08,629 [Worker-2: Importing Maven projects] INFO  o.e.m.c.i.e.AbstractTransferListenerAdapter - Downloaded https://repo.spring.io/snapshot/org/springframework/data/spring-data-commons/2.5.9-SNAPSHOT/spring-data-commons-2.5.9-20220211.101308-41.pom
2022-02-11 20:09:08,884 [Worker-2: Importing Maven projects] INFO  o.e.m.c.i.e.AbstractTransferListenerAdapter - Downloading https://repo.spring.io/snapshot/org/springframework/spring-orm/5.3.16-SNAPSHOT/maven-metadata.xml
2022-02-11 20:09:09,141 [Worker-2: Importing Maven projects] INFO  o.e.m.c.i.e.AbstractTransferListenerAdapter - Downloaded https://repo.spring.io/snapshot/org/springframework/spring-orm/5.3.16-SNAPSHOT/maven-metadata.xml
2022-02-11 20:09:09,423 [Worker-2: Importing Maven projects] INFO  o.e.m.c.i.e.AbstractTransferListenerAdapter - Downloading https://repo.spring.io/snapshot/org/springframework/spring-orm/5.3.16-SNAPSHOT/spring-orm-5.3.16-20220211.134236-33.pom
2022-02-11 20:09:09,685 [Worker-2: Importing Maven projects] INFO  o.e.m.c.i.e.AbstractTransferListenerAdapter - Downloaded https://repo.spring.io/snapshot/org/springframework/spring-orm/5.3.16-SNAPSHOT/spring-orm-5.3.16-20220211.134236-33.pom
2022-02-11 20:09:09,941 [Worker-2: Importing Maven projects] INFO  o.e.m.c.i.e.AbstractTransferListenerAdapter - Downloading https://repo.spring.io/snapshot/org/springframework/spring-aspects/5.3.16-SNAPSHOT/maven-metadata.xml
2022-02-11 20:09:10,195 [Worker-2: Importing Maven projects] INFO  o.e.m.c.i.e.AbstractTransferListenerAdapter - Downloaded https://repo.spring.io/snapshot/org/springframework/spring-aspects/5.3.16-SNAPSHOT/maven-metadata.xml
2022-02-11 20:09:10,436 [Worker-2: Importing Maven projects] INFO  o.e.m.c.i.e.AbstractTransferListenerAdapter - Downloading https://repo.spring.io/snapshot/org/springframework/spring-aspects/5.3.16-SNAPSHOT/spring-aspects-5.3.16-20220211.134236-33.pom
2022-02-11 20:09:10,680 [Worker-2: Importing Maven projects] INFO  o.e.m.c.i.e.AbstractTransferListenerAdapter - Downloaded https://repo.spring.io/snapshot/org/springframework/spring-aspects/5.3.16-SNAPSHOT/spring-aspects-5.3.16-20220211.134236-33.pom
2022-02-11 20:09:10,970 [Worker-2: Importing Maven projects] INFO  o.e.m.c.i.e.AbstractTransferListenerAdapter - Downloading https://repo.spring.io/snapshot/org/springframework/boot/spring-boot-starter-data-rest/2.5.10-SNAPSHOT/maven-metadata.xml
2022-02-11 20:09:11,232 [Worker-2: Importing Maven projects] INFO  o.e.m.c.i.e.AbstractTransferListenerAdapter - Downloaded https://repo.spring.io/snapshot/org/springframework/boot/spring-boot-starter-data-rest/2.5.10-SNAPSHOT/maven-metadata.xml
2022-02-11 20:09:11,476 [Worker-2: Importing Maven projects] INFO  o.e.m.c.i.e.AbstractTransferListenerAdapter - Downloading https://repo.spring.io/snapshot/org/springframework/boot/spring-boot-starter-data-rest/2.5.10-SNAPSHOT/spring-boot-starter-data-rest-2.5.10-20220211.130038-24.pom
2022-02-11 20:09:11,720 [Worker-2: Importing Maven projects] INFO  o.e.m.c.i.e.AbstractTransferListenerAdapter - Downloaded https://repo.spring.io/snapshot/org/springframework/boot/spring-boot-starter-data-rest/2.5.10-SNAPSHOT/spring-boot-starter-data-rest-2.5.10-20220211.130038-24.pom
2022-02-11 20:09:11,968 [Worker-2: Importing Maven projects] INFO  o.e.m.c.i.e.AbstractTransferListenerAdapter - Downloading https://repo.spring.io/snapshot/org/springframework/boot/spring-boot-starter-web/2.5.10-SNAPSHOT/maven-metadata.xml
2022-02-11 20:09:12,253 [Worker-2: Importing Maven projects] INFO  o.e.m.c.i.e.AbstractTransferListenerAdapter - Downloaded https://repo.spring.io/snapshot/org/springframework/boot/spring-boot-starter-web/2.5.10-SNAPSHOT/maven-metadata.xml
2022-02-11 20:09:12,496 [Worker-2: Importing Maven projects] INFO  o.e.m.c.i.e.AbstractTransferListenerAdapter - Downloading https://repo.spring.io/snapshot/org/springframework/boot/spring-boot-starter-web/2.5.10-SNAPSHOT/spring-boot-starter-web-2.5.10-20220211.130038-24.pom
2022-02-11 20:09:12,743 [Worker-2: Importing Maven projects] INFO  o.e.m.c.i.e.AbstractTransferListenerAdapter - Downloaded https://repo.spring.io/snapshot/org/springframework/boot/spring-boot-starter-web/2.5.10-SNAPSHOT/spring-boot-starter-web-2.5.10-20220211.130038-24.pom
2022-02-11 20:09:13,020 [Worker-2: Importing Maven projects] INFO  o.e.m.c.i.e.AbstractTransferListenerAdapter - Downloading https://repo.spring.io/snapshot/org/springframework/boot/spring-boot-starter-json/2.5.10-SNAPSHOT/maven-metadata.xml
2022-02-11 20:09:13,274 [Worker-2: Importing Maven projects] INFO  o.e.m.c.i.e.AbstractTransferListenerAdapter - Downloaded https://repo.spring.io/snapshot/org/springframework/boot/spring-boot-starter-json/2.5.10-SNAPSHOT/maven-metadata.xml
2022-02-11 20:09:13,520 [Worker-2: Importing Maven projects] INFO  o.e.m.c.i.e.AbstractTransferListenerAdapter - Downloading https://repo.spring.io/snapshot/org/springframework/boot/spring-boot-starter-json/2.5.10-SNAPSHOT/spring-boot-starter-json-2.5.10-20220211.130038-24.pom
2022-02-11 20:09:13,768 [Worker-2: Importing Maven projects] INFO  o.e.m.c.i.e.AbstractTransferListenerAdapter - Downloaded https://repo.spring.io/snapshot/org/springframework/boot/spring-boot-starter-json/2.5.10-SNAPSHOT/spring-boot-starter-json-2.5.10-20220211.130038-24.pom
2022-02-11 20:09:14,015 [Worker-2: Importing Maven projects] INFO  o.e.m.c.i.e.AbstractTransferListenerAdapter - Downloading https://repo.spring.io/snapshot/org/springframework/spring-web/5.3.16-SNAPSHOT/maven-metadata.xml
2022-02-11 20:09:14,276 [Worker-2: Importing Maven projects] INFO  o.e.m.c.i.e.AbstractTransferListenerAdapter - Downloaded https://repo.spring.io/snapshot/org/springframework/spring-web/5.3.16-SNAPSHOT/maven-metadata.xml
2022-02-11 20:09:14,519 [Worker-2: Importing Maven projects] INFO  o.e.m.c.i.e.AbstractTransferListenerAdapter - Downloading https://repo.spring.io/snapshot/org/springframework/spring-web/5.3.16-SNAPSHOT/spring-web-5.3.16-20220211.134236-33.pom
2022-02-11 20:09:14,764 [Worker-2: Importing Maven projects] INFO  o.e.m.c.i.e.AbstractTransferListenerAdapter - Downloaded https://repo.spring.io/snapshot/org/springframework/spring-web/5.3.16-SNAPSHOT/spring-web-5.3.16-20220211.134236-33.pom
2022-02-11 20:09:15,034 [Worker-2: Importing Maven projects] INFO  o.e.m.c.i.e.AbstractTransferListenerAdapter - Downloading https://repo.spring.io/snapshot/org/springframework/boot/spring-boot-starter-tomcat/2.5.10-SNAPSHOT/maven-metadata.xml
2022-02-11 20:09:15,297 [Worker-2: Importing Maven projects] INFO  o.e.m.c.i.e.AbstractTransferListenerAdapter - Downloaded https://repo.spring.io/snapshot/org/springframework/boot/spring-boot-starter-tomcat/2.5.10-SNAPSHOT/maven-metadata.xml
2022-02-11 20:09:15,542 [Worker-2: Importing Maven projects] INFO  o.e.m.c.i.e.AbstractTransferListenerAdapter - Downloading https://repo.spring.io/snapshot/org/springframework/boot/spring-boot-starter-tomcat/2.5.10-SNAPSHOT/spring-boot-starter-tomcat-2.5.10-20220211.130038-24.pom
2022-02-11 20:09:15,794 [Worker-2: Importing Maven projects] INFO  o.e.m.c.i.e.AbstractTransferListenerAdapter - Downloaded https://repo.spring.io/snapshot/org/springframework/boot/spring-boot-starter-tomcat/2.5.10-SNAPSHOT/spring-boot-starter-tomcat-2.5.10-20220211.130038-24.pom
2022-02-11 20:09:16,048 [Worker-2: Importing Maven projects] INFO  o.e.m.c.i.e.AbstractTransferListenerAdapter - Downloading https://repo.spring.io/snapshot/org/springframework/spring-webmvc/5.3.16-SNAPSHOT/maven-metadata.xml
2022-02-11 20:09:16,333 [Worker-2: Importing Maven projects] INFO  o.e.m.c.i.e.AbstractTransferListenerAdapter - Downloaded https://repo.spring.io/snapshot/org/springframework/spring-webmvc/5.3.16-SNAPSHOT/maven-metadata.xml
2022-02-11 20:09:16,574 [Worker-2: Importing Maven projects] INFO  o.e.m.c.i.e.AbstractTransferListenerAdapter - Downloading https://repo.spring.io/snapshot/org/springframework/spring-webmvc/5.3.16-SNAPSHOT/spring-webmvc-5.3.16-20220211.134236-33.pom
2022-02-11 20:09:16,818 [Worker-2: Importing Maven projects] INFO  o.e.m.c.i.e.AbstractTransferListenerAdapter - Downloaded https://repo.spring.io/snapshot/org/springframework/spring-webmvc/5.3.16-SNAPSHOT/spring-webmvc-5.3.16-20220211.134236-33.pom
2022-02-11 20:09:17,077 [Worker-2: Importing Maven projects] INFO  o.e.m.c.i.e.AbstractTransferListenerAdapter - Downloading https://repo.spring.io/snapshot/org/springframework/data/spring-data-rest-webmvc/3.5.9-SNAPSHOT/maven-metadata.xml
2022-02-11 20:09:17,332 [Worker-2: Importing Maven projects] INFO  o.e.m.c.i.e.AbstractTransferListenerAdapter - Downloaded https://repo.spring.io/snapshot/org/springframework/data/spring-data-rest-webmvc/3.5.9-SNAPSHOT/maven-metadata.xml
2022-02-11 20:09:17,574 [Worker-2: Importing Maven projects] INFO  o.e.m.c.i.e.AbstractTransferListenerAdapter - Downloading https://repo.spring.io/snapshot/org/springframework/data/spring-data-rest-webmvc/3.5.9-SNAPSHOT/spring-data-rest-webmvc-3.5.9-20220211.101836-41.pom
2022-02-11 20:09:17,822 [Worker-2: Importing Maven projects] INFO  o.e.m.c.i.e.AbstractTransferListenerAdapter - Downloaded https://repo.spring.io/snapshot/org/springframework/data/spring-data-rest-webmvc/3.5.9-SNAPSHOT/spring-data-rest-webmvc-3.5.9-20220211.101836-41.pom
2022-02-11 20:09:18,071 [Worker-2: Importing Maven projects] INFO  o.e.m.c.i.e.AbstractTransferListenerAdapter - Downloading https://repo.spring.io/snapshot/org/springframework/data/spring-data-rest-parent/3.5.9-SNAPSHOT/maven-metadata.xml
2022-02-11 20:09:18,326 [Worker-2: Importing Maven projects] INFO  o.e.m.c.i.e.AbstractTransferListenerAdapter - Downloaded https://repo.spring.io/snapshot/org/springframework/data/spring-data-rest-parent/3.5.9-SNAPSHOT/maven-metadata.xml
2022-02-11 20:09:18,566 [Worker-2: Importing Maven projects] INFO  o.e.m.c.i.e.AbstractTransferListenerAdapter - Downloading https://repo.spring.io/snapshot/org/springframework/data/spring-data-rest-parent/3.5.9-SNAPSHOT/spring-data-rest-parent-3.5.9-20220211.101836-41.pom
2022-02-11 20:09:18,809 [Worker-2: Importing Maven projects] INFO  o.e.m.c.i.e.AbstractTransferListenerAdapter - Downloaded https://repo.spring.io/snapshot/org/springframework/data/spring-data-rest-parent/3.5.9-SNAPSHOT/spring-data-rest-parent-3.5.9-20220211.101836-41.pom
2022-02-11 20:09:19,061 [Worker-2: Importing Maven projects] INFO  o.e.m.c.i.e.AbstractTransferListenerAdapter - Downloading https://repo.spring.io/snapshot/org/springframework/data/spring-data-rest-core/3.5.9-SNAPSHOT/maven-metadata.xml
2022-02-11 20:09:19,312 [Worker-2: Importing Maven projects] INFO  o.e.m.c.i.e.AbstractTransferListenerAdapter - Downloaded https://repo.spring.io/snapshot/org/springframework/data/spring-data-rest-core/3.5.9-SNAPSHOT/maven-metadata.xml
2022-02-11 20:09:19,557 [Worker-2: Importing Maven projects] INFO  o.e.m.c.i.e.AbstractTransferListenerAdapter - Downloading https://repo.spring.io/snapshot/org/springframework/data/spring-data-rest-core/3.5.9-SNAPSHOT/spring-data-rest-core-3.5.9-20220211.101836-41.pom
2022-02-11 20:09:19,803 [Worker-2: Importing Maven projects] INFO  o.e.m.c.i.e.AbstractTransferListenerAdapter - Downloaded https://repo.spring.io/snapshot/org/springframework/data/spring-data-rest-core/3.5.9-SNAPSHOT/spring-data-rest-core-3.5.9-20220211.101836-41.pom
2022-02-11 20:09:20,089 [Worker-2: Importing Maven projects] INFO  o.e.m.c.i.e.AbstractTransferListenerAdapter - Downloading https://repo.spring.io/snapshot/org/springframework/boot/spring-boot-starter-validation/2.5.10-SNAPSHOT/maven-metadata.xml
2022-02-11 20:09:20,373 [Worker-2: Importing Maven projects] INFO  o.e.m.c.i.e.AbstractTransferListenerAdapter - Downloaded https://repo.spring.io/snapshot/org/springframework/boot/spring-boot-starter-validation/2.5.10-SNAPSHOT/maven-metadata.xml
2022-02-11 20:09:20,617 [Worker-2: Importing Maven projects] INFO  o.e.m.c.i.e.AbstractTransferListenerAdapter - Downloading https://repo.spring.io/snapshot/org/springframework/boot/spring-boot-starter-validation/2.5.10-SNAPSHOT/spring-boot-starter-validation-2.5.10-20220211.130038-24.pom
2022-02-11 20:09:20,865 [Worker-2: Importing Maven projects] INFO  o.e.m.c.i.e.AbstractTransferListenerAdapter - Downloaded https://repo.spring.io/snapshot/org/springframework/boot/spring-boot-starter-validation/2.5.10-SNAPSHOT/spring-boot-starter-validation-2.5.10-20220211.130038-24.pom
2022-02-11 20:09:21,123 [Worker-2: Importing Maven projects] INFO  o.e.m.c.i.e.AbstractTransferListenerAdapter - Downloading https://repo.spring.io/snapshot/org/springframework/boot/spring-boot-devtools/2.5.10-SNAPSHOT/maven-metadata.xml
2022-02-11 20:09:21,378 [Worker-2: Importing Maven projects] INFO  o.e.m.c.i.e.AbstractTransferListenerAdapter - Downloaded https://repo.spring.io/snapshot/org/springframework/boot/spring-boot-devtools/2.5.10-SNAPSHOT/maven-metadata.xml
2022-02-11 20:09:21,625 [Worker-2: Importing Maven projects] INFO  o.e.m.c.i.e.AbstractTransferListenerAdapter - Downloading https://repo.spring.io/snapshot/org/springframework/boot/spring-boot-devtools/2.5.10-SNAPSHOT/spring-boot-devtools-2.5.10-20220211.130038-24.pom
2022-02-11 20:09:21,872 [Worker-2: Importing Maven projects] INFO  o.e.m.c.i.e.AbstractTransferListenerAdapter - Downloaded https://repo.spring.io/snapshot/org/springframework/boot/spring-boot-devtools/2.5.10-SNAPSHOT/spring-boot-devtools-2.5.10-20220211.130038-24.pom
2022-02-11 20:09:22,139 [Worker-2: Importing Maven projects] INFO  o.e.m.c.i.e.AbstractTransferListenerAdapter - Downloading https://repo.spring.io/snapshot/org/springframework/boot/spring-boot-starter-test/2.5.10-SNAPSHOT/maven-metadata.xml
2022-02-11 20:09:22,401 [Worker-2: Importing Maven projects] INFO  o.e.m.c.i.e.AbstractTransferListenerAdapter - Downloaded https://repo.spring.io/snapshot/org/springframework/boot/spring-boot-starter-test/2.5.10-SNAPSHOT/maven-metadata.xml
2022-02-11 20:09:22,642 [Worker-2: Importing Maven projects] INFO  o.e.m.c.i.e.AbstractTransferListenerAdapter - Downloading https://repo.spring.io/snapshot/org/springframework/boot/spring-boot-starter-test/2.5.10-SNAPSHOT/spring-boot-starter-test-2.5.10-20220211.130038-24.pom
2022-02-11 20:09:22,896 [Worker-2: Importing Maven projects] INFO  o.e.m.c.i.e.AbstractTransferListenerAdapter - Downloaded https://repo.spring.io/snapshot/org/springframework/boot/spring-boot-starter-test/2.5.10-SNAPSHOT/spring-boot-starter-test-2.5.10-20220211.130038-24.pom
2022-02-11 20:09:23,146 [Worker-2: Importing Maven projects] INFO  o.e.m.c.i.e.AbstractTransferListenerAdapter - Downloading https://repo.spring.io/snapshot/org/springframework/boot/spring-boot-test/2.5.10-SNAPSHOT/maven-metadata.xml
2022-02-11 20:09:23,399 [Worker-2: Importing Maven projects] INFO  o.e.m.c.i.e.AbstractTransferListenerAdapter - Downloaded https://repo.spring.io/snapshot/org/springframework/boot/spring-boot-test/2.5.10-SNAPSHOT/maven-metadata.xml
2022-02-11 20:09:23,670 [Worker-2: Importing Maven projects] INFO  o.e.m.c.i.e.AbstractTransferListenerAdapter - Downloading https://repo.spring.io/snapshot/org/springframework/boot/spring-boot-test/2.5.10-SNAPSHOT/spring-boot-test-2.5.10-20220211.130038-24.pom
2022-02-11 20:09:23,922 [Worker-2: Importing Maven projects] INFO  o.e.m.c.i.e.AbstractTransferListenerAdapter - Downloaded https://repo.spring.io/snapshot/org/springframework/boot/spring-boot-test/2.5.10-SNAPSHOT/spring-boot-test-2.5.10-20220211.130038-24.pom
2022-02-11 20:09:24,168 [Worker-2: Importing Maven projects] INFO  o.e.m.c.i.e.AbstractTransferListenerAdapter - Downloading https://repo.spring.io/snapshot/org/springframework/boot/spring-boot-test-autoconfigure/2.5.10-SNAPSHOT/maven-metadata.xml
2022-02-11 20:09:24,457 [Worker-2: Importing Maven projects] INFO  o.e.m.c.i.e.AbstractTransferListenerAdapter - Downloaded https://repo.spring.io/snapshot/org/springframework/boot/spring-boot-test-autoconfigure/2.5.10-SNAPSHOT/maven-metadata.xml
2022-02-11 20:09:24,703 [Worker-2: Importing Maven projects] INFO  o.e.m.c.i.e.AbstractTransferListenerAdapter - Downloading https://repo.spring.io/snapshot/org/springframework/boot/spring-boot-test-autoconfigure/2.5.10-SNAPSHOT/spring-boot-test-autoconfigure-2.5.10-20220211.130038-24.pom
2022-02-11 20:09:24,954 [Worker-2: Importing Maven projects] INFO  o.e.m.c.i.e.AbstractTransferListenerAdapter - Downloaded https://repo.spring.io/snapshot/org/springframework/boot/spring-boot-test-autoconfigure/2.5.10-SNAPSHOT/spring-boot-test-autoconfigure-2.5.10-20220211.130038-24.pom
2022-02-11 20:09:25,232 [Worker-2: Importing Maven projects] INFO  o.e.m.c.i.e.AbstractTransferListenerAdapter - Downloading https://repo.spring.io/snapshot/org/springframework/spring-test/5.3.16-SNAPSHOT/maven-metadata.xml
2022-02-11 20:09:25,481 [Worker-2: Importing Maven projects] INFO  o.e.m.c.i.e.AbstractTransferListenerAdapter - Downloaded https://repo.spring.io/snapshot/org/springframework/spring-test/5.3.16-SNAPSHOT/maven-metadata.xml
2022-02-11 20:09:25,722 [Worker-2: Importing Maven projects] INFO  o.e.m.c.i.e.AbstractTransferListenerAdapter - Downloading https://repo.spring.io/snapshot/org/springframework/spring-test/5.3.16-SNAPSHOT/spring-test-5.3.16-20220211.134236-33.pom
2022-02-11 20:09:25,967 [Worker-2: Importing Maven projects] INFO  o.e.m.c.i.e.AbstractTransferListenerAdapter - Downloaded https://repo.spring.io/snapshot/org/springframework/spring-test/5.3.16-SNAPSHOT/spring-test-5.3.16-20220211.134236-33.pom
2022-02-11 20:09:26,263 [AetherRepositoryConnector-repo.spring.io-0-0] INFO  o.e.m.c.i.e.AbstractTransferListenerAdapter - Downloading https://repo.spring.io/snapshot/org/springframework/boot/spring-boot-starter-data-jpa/2.5.10-SNAPSHOT/spring-boot-starter-data-jpa-2.5.10-20220211.130038-24.jar
2022-02-11 20:09:26,520 [AetherRepositoryConnector-repo.spring.io-0-0] INFO  o.e.m.c.i.e.AbstractTransferListenerAdapter - Downloaded https://repo.spring.io/snapshot/org/springframework/boot/spring-boot-starter-data-jpa/2.5.10-SNAPSHOT/spring-boot-starter-data-jpa-2.5.10-20220211.130038-24.jar
2022-02-11 20:09:26,773 [AetherRepositoryConnector-repo.spring.io-0-0] INFO  o.e.m.c.i.e.AbstractTransferListenerAdapter - Downloading https://repo.spring.io/snapshot/org/springframework/data/spring-data-jpa/2.5.9-SNAPSHOT/spring-data-jpa-2.5.9-20220211.101823-43.jar
2022-02-11 20:09:26,959 [AetherRepositoryConnector-repo.spring.io-0-1] INFO  o.e.m.c.i.e.AbstractTransferListenerAdapter - Downloading https://repo.spring.io/snapshot/org/springframework/boot/spring-boot-starter-aop/2.5.10-SNAPSHOT/spring-boot-starter-aop-2.5.10-20220211.130038-24.jar
2022-02-11 20:09:26,978 [AetherRepositoryConnector-repo.spring.io-0-3] INFO  o.e.m.c.i.e.AbstractTransferListenerAdapter - Downloading https://repo.spring.io/snapshot/org/springframework/boot/spring-boot-starter-jdbc/2.5.10-SNAPSHOT/spring-boot-starter-jdbc-2.5.10-20220211.130038-24.jar
2022-02-11 20:09:27,199 [AetherRepositoryConnector-repo.spring.io-0-4] INFO  o.e.m.c.i.e.AbstractTransferListenerAdapter - Downloading https://repo.spring.io/snapshot/org/springframework/spring-jdbc/5.3.16-SNAPSHOT/spring-jdbc-5.3.16-20220211.134236-33.jar
2022-02-11 20:09:27,203 [AetherRepositoryConnector-repo.spring.io-0-2] INFO  o.e.m.c.i.e.AbstractTransferListenerAdapter - Downloading https://repo.spring.io/snapshot/org/springframework/spring-aop/5.3.16-SNAPSHOT/spring-aop-5.3.16-20220211.134236-33.jar
2022-02-11 20:09:27,219 [AetherRepositoryConnector-repo.spring.io-0-3] INFO  o.e.m.c.i.e.AbstractTransferListenerAdapter - Downloaded https://repo.spring.io/snapshot/org/springframework/boot/spring-boot-starter-jdbc/2.5.10-SNAPSHOT/spring-boot-starter-jdbc-2.5.10-20220211.130038-24.jar
2022-02-11 20:09:27,468 [AetherRepositoryConnector-repo.spring.io-0-3] INFO  o.e.m.c.i.e.AbstractTransferListenerAdapter - Downloading https://repo.spring.io/snapshot/org/springframework/data/spring-data-commons/2.5.9-SNAPSHOT/spring-data-commons-2.5.9-20220211.101308-41.jar
2022-02-11 20:09:27,621 [AetherRepositoryConnector-repo.spring.io-0-1] INFO  o.e.m.c.i.e.AbstractTransferListenerAdapter - Downloaded https://repo.spring.io/snapshot/org/springframework/boot/spring-boot-starter-aop/2.5.10-SNAPSHOT/spring-boot-starter-aop-2.5.10-20220211.130038-24.jar
2022-02-11 20:09:27,736 [AetherRepositoryConnector-repo.spring.io-0-0] INFO  o.e.m.c.i.e.AbstractTransferListenerAdapter - Downloaded https://repo.spring.io/snapshot/org/springframework/data/spring-data-jpa/2.5.9-SNAPSHOT/spring-data-jpa-2.5.9-20220211.101823-43.jar
2022-02-11 20:09:27,863 [AetherRepositoryConnector-repo.spring.io-0-1] INFO  o.e.m.c.i.e.AbstractTransferListenerAdapter - Downloading https://repo.spring.io/snapshot/org/springframework/spring-orm/5.3.16-SNAPSHOT/spring-orm-5.3.16-20220211.134236-33.jar
2022-02-11 20:09:27,985 [AetherRepositoryConnector-repo.spring.io-0-0] INFO  o.e.m.c.i.e.AbstractTransferListenerAdapter - Downloading https://repo.spring.io/snapshot/org/springframework/spring-context/5.3.16-SNAPSHOT/spring-context-5.3.16-20220211.134236-33.jar
2022-02-11 20:09:28,900 [AetherRepositoryConnector-repo.spring.io-0-4] INFO  o.e.m.c.i.e.AbstractTransferListenerAdapter - Downloaded https://repo.spring.io/snapshot/org/springframework/spring-jdbc/5.3.16-SNAPSHOT/spring-jdbc-5.3.16-20220211.134236-33.jar
2022-02-11 20:09:28,925 [AetherRepositoryConnector-repo.spring.io-0-2] INFO  o.e.m.c.i.e.AbstractTransferListenerAdapter - Downloaded https://repo.spring.io/snapshot/org/springframework/spring-aop/5.3.16-SNAPSHOT/spring-aop-5.3.16-20220211.134236-33.jar
2022-02-11 20:09:29,117 [AetherRepositoryConnector-repo.spring.io-0-0] INFO  o.e.m.c.i.e.AbstractTransferListenerAdapter - Downloaded https://repo.spring.io/snapshot/org/springframework/spring-context/5.3.16-SNAPSHOT/spring-context-5.3.16-20220211.134236-33.jar
2022-02-11 20:09:29,137 [AetherRepositoryConnector-repo.spring.io-0-4] INFO  o.e.m.c.i.e.AbstractTransferListenerAdapter - Downloading https://repo.spring.io/snapshot/org/springframework/spring-tx/5.3.16-SNAPSHOT/spring-tx-5.3.16-20220211.134236-33.jar
2022-02-11 20:09:29,200 [AetherRepositoryConnector-repo.spring.io-0-2] INFO  o.e.m.c.i.e.AbstractTransferListenerAdapter - Downloading https://repo.spring.io/snapshot/org/springframework/spring-beans/5.3.16-SNAPSHOT/spring-beans-5.3.16-20220211.134236-33.jar
2022-02-11 20:09:29,353 [AetherRepositoryConnector-repo.spring.io-0-0] INFO  o.e.m.c.i.e.AbstractTransferListenerAdapter - Downloading https://repo.spring.io/snapshot/org/springframework/spring-aspects/5.3.16-SNAPSHOT/spring-aspects-5.3.16-20220211.134236-33.jar
2022-02-11 20:09:29,361 [AetherRepositoryConnector-repo.spring.io-0-1] INFO  o.e.m.c.i.e.AbstractTransferListenerAdapter - Downloaded https://repo.spring.io/snapshot/org/springframework/spring-orm/5.3.16-SNAPSHOT/spring-orm-5.3.16-20220211.134236-33.jar
2022-02-11 20:09:29,626 [AetherRepositoryConnector-repo.spring.io-0-0] INFO  o.e.m.c.i.e.AbstractTransferListenerAdapter - Downloaded https://repo.spring.io/snapshot/org/springframework/spring-aspects/5.3.16-SNAPSHOT/spring-aspects-5.3.16-20220211.134236-33.jar
2022-02-11 20:09:29,683 [AetherRepositoryConnector-repo.spring.io-0-4] INFO  o.e.m.c.i.e.AbstractTransferListenerAdapter - Downloaded https://repo.spring.io/snapshot/org/springframework/spring-tx/5.3.16-SNAPSHOT/spring-tx-5.3.16-20220211.134236-33.jar
2022-02-11 20:09:29,701 [AetherRepositoryConnector-repo.spring.io-0-1] INFO  o.e.m.c.i.e.AbstractTransferListenerAdapter - Downloading https://repo.spring.io/snapshot/org/springframework/boot/spring-boot-starter-data-rest/2.5.10-SNAPSHOT/spring-boot-starter-data-rest-2.5.10-20220211.130038-24.jar
2022-02-11 20:09:29,865 [AetherRepositoryConnector-repo.spring.io-0-0] INFO  o.e.m.c.i.e.AbstractTransferListenerAdapter - Downloading https://repo.spring.io/snapshot/org/springframework/data/spring-data-rest-webmvc/3.5.9-SNAPSHOT/spring-data-rest-webmvc-3.5.9-20220211.101836-41.jar
2022-02-11 20:09:30,040 [AetherRepositoryConnector-repo.spring.io-0-4] INFO  o.e.m.c.i.e.AbstractTransferListenerAdapter - Downloading https://repo.spring.io/snapshot/org/springframework/data/spring-data-rest-core/3.5.9-SNAPSHOT/spring-data-rest-core-3.5.9-20220211.101836-41.jar
2022-02-11 20:09:30,131 [AetherRepositoryConnector-repo.spring.io-0-1] INFO  o.e.m.c.i.e.AbstractTransferListenerAdapter - Downloaded https://repo.spring.io/snapshot/org/springframework/boot/spring-boot-starter-data-rest/2.5.10-SNAPSHOT/spring-boot-starter-data-rest-2.5.10-20220211.130038-24.jar
2022-02-11 20:09:30,249 [AetherRepositoryConnector-repo.spring.io-0-0] INFO  o.e.m.c.i.e.AbstractTransferListenerAdapter - Downloaded https://repo.spring.io/snapshot/org/springframework/data/spring-data-rest-webmvc/3.5.9-SNAPSHOT/spring-data-rest-webmvc-3.5.9-20220211.101836-41.jar
2022-02-11 20:09:30,346 [AetherRepositoryConnector-repo.spring.io-0-4] INFO  o.e.m.c.i.e.AbstractTransferListenerAdapter - Downloaded https://repo.spring.io/snapshot/org/springframework/data/spring-data-rest-core/3.5.9-SNAPSHOT/spring-data-rest-core-3.5.9-20220211.101836-41.jar
2022-02-11 20:09:30,418 [AetherRepositoryConnector-repo.spring.io-0-1] INFO  o.e.m.c.i.e.AbstractTransferListenerAdapter - Downloading https://repo.spring.io/snapshot/org/springframework/boot/spring-boot-starter-validation/2.5.10-SNAPSHOT/spring-boot-starter-validation-2.5.10-20220211.130038-24.jar
2022-02-11 20:09:30,498 [AetherRepositoryConnector-repo.spring.io-0-0] INFO  o.e.m.c.i.e.AbstractTransferListenerAdapter - Downloading https://repo.spring.io/snapshot/org/springframework/boot/spring-boot-starter/2.5.10-SNAPSHOT/spring-boot-starter-2.5.10-20220211.130038-24.jar
2022-02-11 20:09:30,585 [AetherRepositoryConnector-repo.spring.io-0-4] INFO  o.e.m.c.i.e.AbstractTransferListenerAdapter - Downloading https://repo.spring.io/snapshot/org/springframework/boot/spring-boot-starter-logging/2.5.10-SNAPSHOT/spring-boot-starter-logging-2.5.10-20220211.130038-24.jar
2022-02-11 20:09:30,609 [AetherRepositoryConnector-repo.spring.io-0-2] INFO  o.e.m.c.i.e.AbstractTransferListenerAdapter - Downloaded https://repo.spring.io/snapshot/org/springframework/spring-beans/5.3.16-SNAPSHOT/spring-beans-5.3.16-20220211.134236-33.jar
2022-02-11 20:09:30,671 [AetherRepositoryConnector-repo.spring.io-0-1] INFO  o.e.m.c.i.e.AbstractTransferListenerAdapter - Downloaded https://repo.spring.io/snapshot/org/springframework/boot/spring-boot-starter-validation/2.5.10-SNAPSHOT/spring-boot-starter-validation-2.5.10-20220211.130038-24.jar
2022-02-11 20:09:30,740 [AetherRepositoryConnector-repo.spring.io-0-3] INFO  o.e.m.c.i.e.AbstractTransferListenerAdapter - Downloaded https://repo.spring.io/snapshot/org/springframework/data/spring-data-commons/2.5.9-SNAPSHOT/spring-data-commons-2.5.9-20220211.101308-41.jar
2022-02-11 20:09:30,758 [AetherRepositoryConnector-repo.spring.io-0-0] INFO  o.e.m.c.i.e.AbstractTransferListenerAdapter - Downloaded https://repo.spring.io/snapshot/org/springframework/boot/spring-boot-starter/2.5.10-SNAPSHOT/spring-boot-starter-2.5.10-20220211.130038-24.jar
2022-02-11 20:09:30,835 [AetherRepositoryConnector-repo.spring.io-0-4] INFO  o.e.m.c.i.e.AbstractTransferListenerAdapter - Downloaded https://repo.spring.io/snapshot/org/springframework/boot/spring-boot-starter-logging/2.5.10-SNAPSHOT/spring-boot-starter-logging-2.5.10-20220211.130038-24.jar
2022-02-11 20:09:30,865 [AetherRepositoryConnector-repo.spring.io-0-2] INFO  o.e.m.c.i.e.AbstractTransferListenerAdapter - Downloading https://repo.spring.io/snapshot/org/springframework/boot/spring-boot-starter-web/2.5.10-SNAPSHOT/spring-boot-starter-web-2.5.10-20220211.130038-24.jar
2022-02-11 20:09:30,922 [AetherRepositoryConnector-repo.spring.io-0-1] INFO  o.e.m.c.i.e.AbstractTransferListenerAdapter - Downloading https://repo.spring.io/snapshot/org/springframework/boot/spring-boot-starter-json/2.5.10-SNAPSHOT/spring-boot-starter-json-2.5.10-20220211.130038-24.jar
2022-02-11 20:09:30,979 [AetherRepositoryConnector-repo.spring.io-0-3] INFO  o.e.m.c.i.e.AbstractTransferListenerAdapter - Downloading https://repo.spring.io/snapshot/org/springframework/spring-web/5.3.16-SNAPSHOT/spring-web-5.3.16-20220211.134236-33.jar
2022-02-11 20:09:30,999 [AetherRepositoryConnector-repo.spring.io-0-0] INFO  o.e.m.c.i.e.AbstractTransferListenerAdapter - Downloading https://repo.spring.io/snapshot/org/springframework/spring-webmvc/5.3.16-SNAPSHOT/spring-webmvc-5.3.16-20220211.134236-33.jar
2022-02-11 20:09:31,195 [AetherRepositoryConnector-repo.spring.io-0-4] INFO  o.e.m.c.i.e.AbstractTransferListenerAdapter - Downloading https://repo.spring.io/snapshot/org/springframework/spring-expression/5.3.16-SNAPSHOT/spring-expression-5.3.16-20220211.134236-33.jar
2022-02-11 20:09:31,331 [AetherRepositoryConnector-repo.spring.io-0-2] INFO  o.e.m.c.i.e.AbstractTransferListenerAdapter - Downloaded https://repo.spring.io/snapshot/org/springframework/boot/spring-boot-starter-web/2.5.10-SNAPSHOT/spring-boot-starter-web-2.5.10-20220211.130038-24.jar
2022-02-11 20:09:31,331 [AetherRepositoryConnector-repo.spring.io-0-1] INFO  o.e.m.c.i.e.AbstractTransferListenerAdapter - Downloaded https://repo.spring.io/snapshot/org/springframework/boot/spring-boot-starter-json/2.5.10-SNAPSHOT/spring-boot-starter-json-2.5.10-20220211.130038-24.jar
2022-02-11 20:09:31,652 [AetherRepositoryConnector-repo.spring.io-0-4] INFO  o.e.m.c.i.e.AbstractTransferListenerAdapter - Downloaded https://repo.spring.io/snapshot/org/springframework/spring-expression/5.3.16-SNAPSHOT/spring-expression-5.3.16-20220211.134236-33.jar
2022-02-11 20:09:31,660 [AetherRepositoryConnector-repo.spring.io-0-2] INFO  o.e.m.c.i.e.AbstractTransferListenerAdapter - Downloading https://repo.spring.io/snapshot/org/springframework/boot/spring-boot-devtools/2.5.10-SNAPSHOT/spring-boot-devtools-2.5.10-20220211.130038-24.jar
2022-02-11 20:09:31,688 [AetherRepositoryConnector-repo.spring.io-0-1] INFO  o.e.m.c.i.e.AbstractTransferListenerAdapter - Downloading https://repo.spring.io/snapshot/org/springframework/boot/spring-boot/2.5.10-SNAPSHOT/spring-boot-2.5.10-20220211.130038-24.jar
2022-02-11 20:09:31,888 [AetherRepositoryConnector-repo.spring.io-0-0] INFO  o.e.m.c.i.e.AbstractTransferListenerAdapter - Downloaded https://repo.spring.io/snapshot/org/springframework/spring-webmvc/5.3.16-SNAPSHOT/spring-webmvc-5.3.16-20220211.134236-33.jar
2022-02-11 20:09:31,890 [AetherRepositoryConnector-repo.spring.io-0-4] INFO  o.e.m.c.i.e.AbstractTransferListenerAdapter - Downloading https://repo.spring.io/snapshot/org/springframework/boot/spring-boot-autoconfigure/2.5.10-SNAPSHOT/spring-boot-autoconfigure-2.5.10-20220211.130038-24.jar
2022-02-11 20:09:32,308 [AetherRepositoryConnector-repo.spring.io-0-0] INFO  o.e.m.c.i.e.AbstractTransferListenerAdapter - Downloading https://repo.spring.io/snapshot/org/springframework/boot/spring-boot-starter-tomcat/2.5.10-SNAPSHOT/spring-boot-starter-tomcat-2.5.10-20220211.130038-24.jar
2022-02-11 20:09:32,875 [AetherRepositoryConnector-repo.spring.io-0-0] INFO  o.e.m.c.i.e.AbstractTransferListenerAdapter - Downloaded https://repo.spring.io/snapshot/org/springframework/boot/spring-boot-starter-tomcat/2.5.10-SNAPSHOT/spring-boot-starter-tomcat-2.5.10-20220211.130038-24.jar
2022-02-11 20:09:32,991 [AetherRepositoryConnector-repo.spring.io-0-2] INFO  o.e.m.c.i.e.AbstractTransferListenerAdapter - Downloaded https://repo.spring.io/snapshot/org/springframework/boot/spring-boot-devtools/2.5.10-SNAPSHOT/spring-boot-devtools-2.5.10-20220211.130038-24.jar
2022-02-11 20:09:33,182 [AetherRepositoryConnector-repo.spring.io-0-0] INFO  o.e.m.c.i.e.AbstractTransferListenerAdapter - Downloading https://repo.spring.io/snapshot/org/springframework/boot/spring-boot-starter-test/2.5.10-SNAPSHOT/spring-boot-starter-test-2.5.10-20220211.130038-24.jar
2022-02-11 20:09:33,232 [AetherRepositoryConnector-repo.spring.io-0-2] INFO  o.e.m.c.i.e.AbstractTransferListenerAdapter - Downloading https://repo.spring.io/snapshot/org/springframework/boot/spring-boot-test/2.5.10-SNAPSHOT/spring-boot-test-2.5.10-20220211.130038-24.jar
2022-02-11 20:09:33,239 [AetherRepositoryConnector-repo.spring.io-0-4] INFO  o.e.m.c.i.e.AbstractTransferListenerAdapter - Downloaded https://repo.spring.io/snapshot/org/springframework/boot/spring-boot-autoconfigure/2.5.10-SNAPSHOT/spring-boot-autoconfigure-2.5.10-20220211.130038-24.jar
2022-02-11 20:09:33,433 [AetherRepositoryConnector-repo.spring.io-0-0] INFO  o.e.m.c.i.e.AbstractTransferListenerAdapter - Downloaded https://repo.spring.io/snapshot/org/springframework/boot/spring-boot-starter-test/2.5.10-SNAPSHOT/spring-boot-starter-test-2.5.10-20220211.130038-24.jar
2022-02-11 20:09:33,506 [AetherRepositoryConnector-repo.spring.io-0-4] INFO  o.e.m.c.i.e.AbstractTransferListenerAdapter - Downloading https://repo.spring.io/snapshot/org/springframework/boot/spring-boot-test-autoconfigure/2.5.10-SNAPSHOT/spring-boot-test-autoconfigure-2.5.10-20220211.130038-24.jar
2022-02-11 20:09:33,831 [AetherRepositoryConnector-repo.spring.io-0-4] INFO  o.e.m.c.i.e.AbstractTransferListenerAdapter - Downloaded https://repo.spring.io/snapshot/org/springframework/boot/spring-boot-test-autoconfigure/2.5.10-SNAPSHOT/spring-boot-test-autoconfigure-2.5.10-20220211.130038-24.jar
2022-02-11 20:09:34,046 [AetherRepositoryConnector-repo.spring.io-0-3] INFO  o.e.m.c.i.e.AbstractTransferListenerAdapter - Downloaded https://repo.spring.io/snapshot/org/springframework/spring-web/5.3.16-SNAPSHOT/spring-web-5.3.16-20220211.134236-33.jar
2022-02-11 20:09:34,057 [AetherRepositoryConnector-repo.spring.io-0-2] INFO  o.e.m.c.i.e.AbstractTransferListenerAdapter - Downloaded https://repo.spring.io/snapshot/org/springframework/boot/spring-boot-test/2.5.10-SNAPSHOT/spring-boot-test-2.5.10-20220211.130038-24.jar
2022-02-11 20:09:34,067 [AetherRepositoryConnector-repo.spring.io-0-4] INFO  o.e.m.c.i.e.AbstractTransferListenerAdapter - Downloading https://repo.spring.io/snapshot/org/springframework/spring-jcl/5.3.16-SNAPSHOT/spring-jcl-5.3.16-20220211.134236-33.jar
2022-02-11 20:09:34,089 [AetherRepositoryConnector-repo.spring.io-0-1] INFO  o.e.m.c.i.e.AbstractTransferListenerAdapter - Downloaded https://repo.spring.io/snapshot/org/springframework/boot/spring-boot/2.5.10-SNAPSHOT/spring-boot-2.5.10-20220211.130038-24.jar
2022-02-11 20:09:34,285 [AetherRepositoryConnector-repo.spring.io-0-3] INFO  o.e.m.c.i.e.AbstractTransferListenerAdapter - Downloading https://repo.spring.io/snapshot/org/springframework/spring-test/5.3.16-SNAPSHOT/spring-test-5.3.16-20220211.134236-33.jar
2022-02-11 20:09:34,328 [AetherRepositoryConnector-repo.spring.io-0-4] INFO  o.e.m.c.i.e.AbstractTransferListenerAdapter - Downloaded https://repo.spring.io/snapshot/org/springframework/spring-jcl/5.3.16-SNAPSHOT/spring-jcl-5.3.16-20220211.134236-33.jar
2022-02-11 20:09:34,730 [AetherRepositoryConnector-repo.spring.io-0-0] INFO  o.e.m.c.i.e.AbstractTransferListenerAdapter - Downloading https://repo.spring.io/snapshot/org/springframework/spring-core/5.3.16-SNAPSHOT/spring-core-5.3.16-20220211.134236-33.jar
2022-02-11 20:09:35,254 [AetherRepositoryConnector-repo.spring.io-0-3] INFO  o.e.m.c.i.e.AbstractTransferListenerAdapter - Downloaded https://repo.spring.io/snapshot/org/springframework/spring-test/5.3.16-SNAPSHOT/spring-test-5.3.16-20220211.134236-33.jar
2022-02-11 20:09:44,278 [AetherRepositoryConnector-repo.spring.io-0-0] INFO  o.e.m.c.i.e.AbstractTransferListenerAdapter - Downloaded https://repo.spring.io/snapshot/org/springframework/spring-core/5.3.16-SNAPSHOT/spring-core-5.3.16-20220211.134236-33.jar
2022-02-14 09:30:25,526 [Worker-2: Loading available Gradle versions] INFO  o.e.b.c.i.u.g.PublishedGradleVersions - Gradle version information cache is out-of-date. Trying to update.
2022-02-14 09:31:55,841 [Worker-3: Loading available Gradle versions] INFO  o.e.b.c.i.u.g.PublishedGradleVersions - Gradle version information cache is out-of-date. Trying to update.
2022-02-14 18:02:28,599 [Worker-0: Loading available Gradle versions] INFO  o.e.b.c.i.u.g.PublishedGradleVersions - Gradle version information cache is up-to-date. Trying to read.
